Start testing: Jan 17 20:06 IST
----------------------------------------------------------
1/2 Testing: ADTTests
1/2 Test: ADTTests
Command: "/home/bismarck/FastDevFs/build/test_adt"
Directory: /home/bismarck/FastDevFs/build
"ADTTests" start time: Jan 17 20:06 IST
Output:
----------------------------------------------------------
Running main() from /home/bismarck/FastDevFs/build/_deps/googletest-src/googletest/src/gtest_main.cc
[==========] Running 20 tests from 1 test suite.
[----------] Global test environment set-up.
[----------] 20 tests from ADTTest
[ RUN      ] ADTTest.InitializeSetsCorrectState
[       OK ] ADTTest.InitializeSetsCorrectState (20 ms)
[ RUN      ] ADTTest.InsertRootNode
[       OK ] ADTTest.InsertRootNode (8 ms)
[ RUN      ] ADTTest.InsertChildUnderParent
[       OK ] ADTTest.InsertChildUnderParent (5 ms)
[ RUN      ] ADTTest.InsertMultipleChildren
[       OK ] ADTTest.InsertMultipleChildren (5 ms)
[ RUN      ] ADTTest.HashindexReturnsCorrectIndex
[       OK ] ADTTest.HashindexReturnsCorrectIndex (5 ms)
[ RUN      ] ADTTest.HashindexReturnsNegativeForNonExistent
[       OK ] ADTTest.HashindexReturnsNegativeForNonExistent (5 ms)
[ RUN      ] ADTTest.DeleteLeafNode
[       OK ] ADTTest.DeleteLeafNode (5 ms)
[ RUN      ] ADTTest.DeleteNodeWithChildrenRecursively
[       OK ] ADTTest.DeleteNodeWithChildrenRecursively (5 ms)
[ RUN      ] ADTTest.CannotDeleteRootNode
[       OK ] ADTTest.CannotDeleteRootNode (5 ms)
[ RUN      ] ADTTest.ChangeParent
[       OK ] ADTTest.ChangeParent (5 ms)
[ RUN      ] ADTTest.PreventDuplicateInsertions
[       OK ] ADTTest.PreventDuplicateInsertions (6 ms)
[ RUN      ] ADTTest.NodeAllocationCounter
[       OK ] ADTTest.NodeAllocationCounter (5 ms)
[ RUN      ] ADTTest.EmptyFilenameHandling
[       OK ] ADTTest.EmptyFilenameHandling (5 ms)
[ RUN      ] ADTTest.NonExistentParentDefaultsToRoot
[       OK ] ADTTest.NonExistentParentDefaultsToRoot (5 ms)
[ RUN      ] ADTTest.ChangeParentPreventsCycles
[       OK ] ADTTest.ChangeParentPreventsCycles (5 ms)
[ RUN      ] ADTTest.ThreadSafetyConcurrentInserts
[       OK ] ADTTest.ThreadSafetyConcurrentInserts (5 ms)
[ RUN      ] ADTTest.ThreadSafetyConcurrentDeleteAndInsert
[       OK ] ADTTest.ThreadSafetyConcurrentDeleteAndInsert (5 ms)
[ RUN      ] ADTTest.FreeListIntegrityAfterDeletions
[       OK ] ADTTest.FreeListIntegrityAfterDeletions (5 ms)
[ RUN      ] ADTTest.ChangeParentToSameParentIsNoOp
[       OK ] ADTTest.ChangeParentToSameParentIsNoOp (5 ms)
[ RUN      ] ADTTest.DeepTreeDeletion
[       OK ] ADTTest.DeepTreeDeletion (5 ms)
[----------] 20 tests from ADTTest (129 ms total)

[----------] Global test environment tear-down
[==========] 20 tests from 1 test suite ran. (129 ms total)
[  PASSED  ] 20 tests.
<end of output>
Test time =   0.13 sec
----------------------------------------------------------
Test Passed.
"ADTTests" end time: Jan 17 20:06 IST
"ADTTests" time elapsed: 00:00:00
----------------------------------------------------------

2/2 Testing: HashTests
2/2 Test: HashTests
Command: "/home/bismarck/FastDevFs/build/test_hash"
Directory: /home/bismarck/FastDevFs/build
"HashTests" start time: Jan 17 20:06 IST
Output:
----------------------------------------------------------
Running main() from /home/bismarck/FastDevFs/build/_deps/googletest-src/googletest/src/gtest_main.cc
[==========] Running 14 tests from 1 test suite.
[----------] Global test environment set-up.
[----------] 14 tests from HashMapTest
[ RUN      ] HashMapTest.CreateAndDestroy
[       OK ] HashMapTest.CreateAndDestroy (0 ms)
[ RUN      ] HashMapTest.InsertAndGet
[       OK ] HashMapTest.InsertAndGet (0 ms)
[ RUN      ] HashMapTest.HasFunction
[       OK ] HashMapTest.HasFunction (0 ms)
[ RUN      ] HashMapTest.SetAndGet
[       OK ] HashMapTest.SetAndGet (0 ms)
[ RUN      ] HashMapTest.RemoveEntry
[       OK ] HashMapTest.RemoveEntry (0 ms)
[ RUN      ] HashMapTest.RemoveNonExistentKey
[       OK ] HashMapTest.RemoveNonExistentKey (0 ms)
[ RUN      ] HashMapTest.UpdateExistingValue
[       OK ] HashMapTest.UpdateExistingValue (0 ms)
[ RUN      ] HashMapTest.MultipleKeys
[       OK ] HashMapTest.MultipleKeys (0 ms)
[ RUN      ] HashMapTest.GetNonExistentReturnsDefault
[       OK ] HashMapTest.GetNonExistentReturnsDefault (0 ms)
[ RUN      ] HashMapTest.ClearByRemovingAll
[       OK ] HashMapTest.ClearByRemovingAll (0 ms)
[ RUN      ] HashMapTest.VariousStringLengths
[       OK ] HashMapTest.VariousStringLengths (0 ms)
[ RUN      ] HashMapTest.CollisionHandling
[       OK ] HashMapTest.CollisionHandling (0 ms)
[ RUN      ] HashMapTest.OperatorBracketCreatesEntry
[       OK ] HashMapTest.OperatorBracketCreatesEntry (0 ms)
[ RUN      ] HashMapTest.SizeIncreasesCorrectly
[       OK ] HashMapTest.SizeIncreasesCorrectly (0 ms)
[----------] 14 tests from HashMapTest (0 ms total)

[----------] Global test environment tear-down
[==========] 14 tests from 1 test suite ran. (0 ms total)
[  PASSED  ] 14 tests.
<end of output>
Test time =   0.00 sec
----------------------------------------------------------
Test Passed.
"HashTests" end time: Jan 17 20:06 IST
"HashTests" time elapsed: 00:00:00
----------------------------------------------------------

End testing: Jan 17 20:06 IST
