<?xml version="1.0" encoding="UTF-8"?>
<Site BuildName="(empty)"
	BuildStamp="20260211-1534-Experimental"
	Name="(empty)"
	Generator="ctest-3.28.3"
	CompilerName=""
	CompilerVersion=""
	OSName="Linux"
	Hostname="devesh-bhardwaj-Inspiron-15-3511"
	OSRelease="6.17.0-14-generic"
	OSVersion="#14~24.04.1-Ubuntu SMP PREEMPT_DYNAMIC Thu Jan 15 15:52:10 UTC 2"
	OSPlatform="x86_64"
	Is64Bits="1"
	VendorString="GenuineIntel"
	VendorID="Intel Corporation"
	FamilyID="6"
	ModelID="140"
	ProcessorCacheSize="8192"
	NumberOfLogicalCPU="8"
	NumberOfPhysicalCPU="4"
	TotalVirtualMemory="4095"
	TotalPhysicalMemory="15735"
	LogicalProcessorsPerPhysical="2"
	ProcessorClockFrequency="1996.9"
	>
	<Testing>
		<StartDateTime>Feb 11 21:04 IST</StartDateTime>
		<StartTestTime>1770824048</StartTestTime>
		<TestList/>
		<EndDateTime>Feb 11 21:04 IST</EndDateTime>
		<EndTestTime>1770824048</EndTestTime>
		<ElapsedMinutes>0</ElapsedMinutes>
	</Testing>
</Site>
